<?xml version="1.0" encoding="UTF-8"?>
<testng-results ignored="0" total="3" passed="3" failed="0" skipped="0">
  <reporter-output>
  </reporter-output>
  <suite started-at="2024-06-01T11:33:10 IST" name="Default suite" finished-at="2024-06-01T11:33:36 IST" duration-ms="26240">
    <groups>
    </groups>
    <test started-at="2024-06-01T11:33:10 IST" name="Default test" finished-at="2024-06-01T11:33:36 IST" duration-ms="26240">
      <class name="testNG1.column3">
        <test-method signature="colomn2(java.lang.String,java.lang.String,java.lang.String,java.lang.String,java.lang.String,java.lang.String,java.lang.String,java.lang.String)[pri:0, instance:testNG1.column3@791f145a]" started-at="2024-06-01T11:33:10 IST" name="colomn2" data-provider="user" finished-at="2024-06-01T11:33:17 IST" duration-ms="7824" status="PASS">
          <params>
            <param index="0">
              <value>
                <![CDATA[kukku@gmail.com]]>
              </value>
            </param>
            <param index="1">
              <value>
                <![CDATA[kukkunk]]>
              </value>
            </param>
            <param index="2">
              <value>
                <![CDATA[kukku@1234]]>
              </value>
            </param>
            <param index="3">
              <value>
                <![CDATA[kukku]]>
              </value>
            </param>
            <param index="4">
              <value>
                <![CDATA[nk]]>
              </value>
            </param>
            <param index="5">
              <value>
                <![CDATA[kuki]]>
              </value>
            </param>
            <param index="6">
              <value>
                <![CDATA[https://www.loreal.com/en/]]>
              </value>
            </param>
            <param index="7">
              <value>
                <![CDATA[hlo]]>
              </value>
            </param>
          </params>
          <reporter-output>
          </reporter-output>
        </test-method> <!-- colomn2 -->
        <test-method signature="colomn2(java.lang.String,java.lang.String,java.lang.String,java.lang.String,java.lang.String,java.lang.String,java.lang.String,java.lang.String)[pri:0, instance:testNG1.column3@791f145a]" started-at="2024-06-01T11:33:17 IST" name="colomn2" data-provider="user" finished-at="2024-06-01T11:33:26 IST" duration-ms="8289" status="PASS">
          <params>
            <param index="0">
              <value>
                <![CDATA[mimu@gmail.com]]>
              </value>
            </param>
            <param index="1">
              <value>
                <![CDATA[mimup]]>
              </value>
            </param>
            <param index="2">
              <value>
                <![CDATA[mimu@1234]]>
              </value>
            </param>
            <param index="3">
              <value>
                <![CDATA[mimu]]>
              </value>
            </param>
            <param index="4">
              <value>
                <![CDATA[p]]>
              </value>
            </param>
            <param index="5">
              <value>
                <![CDATA[mimii]]>
              </value>
            </param>
            <param index="6">
              <value>
                <![CDATA[https://www.loreal.com/en/]]>
              </value>
            </param>
            <param index="7">
              <value>
                <![CDATA[hii]]>
              </value>
            </param>
          </params>
          <reporter-output>
          </reporter-output>
        </test-method> <!-- colomn2 -->
        <test-method signature="colomn2(java.lang.String,java.lang.String,java.lang.String,java.lang.String,java.lang.String,java.lang.String,java.lang.String,java.lang.String)[pri:0, instance:testNG1.column3@791f145a]" started-at="2024-06-01T11:33:26 IST" name="colomn2" data-provider="user" finished-at="2024-06-01T11:33:36 IST" duration-ms="9972" status="PASS">
          <params>
            <param index="0">
              <value>
                <![CDATA[leela@gmail.com]]>
              </value>
            </param>
            <param index="1">
              <value>
                <![CDATA[leelavp]]>
              </value>
            </param>
            <param index="2">
              <value>
                <![CDATA[leela@1234]]>
              </value>
            </param>
            <param index="3">
              <value>
                <![CDATA[leela]]>
              </value>
            </param>
            <param index="4">
              <value>
                <![CDATA[vp]]>
              </value>
            </param>
            <param index="5">
              <value>
                <![CDATA[leelu]]>
              </value>
            </param>
            <param index="6">
              <value>
                <![CDATA[https://www.loreal.com/en/]]>
              </value>
            </param>
            <param index="7">
              <value>
                <![CDATA[bye]]>
              </value>
            </param>
          </params>
          <reporter-output>
          </reporter-output>
        </test-method> <!-- colomn2 -->
        <test-method is-config="true" signature="datadrivrn1()[pri:0, instance:testNG1.column3@791f145a]" started-at="2024-06-01T11:33:36 IST" name="datadrivrn1" finished-at="2024-06-01T11:33:36 IST" duration-ms="8" status="FAIL">
          <exception class="java.lang.NullPointerException">
            <message>
              <![CDATA[Cannot invoke "org.openqa.selenium.WebDriver.close()" because "this.driver" is null]]>
            </message>
            <full-stacktrace>
              <![CDATA[java.lang.NullPointerException: Cannot invoke "org.openqa.selenium.WebDriver.close()" because "this.driver" is null
at testNG1.column3.datadrivrn1(column3.java:46)
at java.base/jdk.internal.reflect.NativeMethodAccessorImpl.invoke0(Native Method)
at java.base/jdk.internal.reflect.NativeMethodAccessorImpl.invoke(NativeMethodAccessorImpl.java:77)
at java.base/jdk.internal.reflect.DelegatingMethodAccessorImpl.invoke(DelegatingMethodAccessorImpl.java:43)
at java.base/java.lang.reflect.Method.invoke(Method.java:568)
at org.testng.internal.invokers.MethodInvocationHelper.invokeMethod(MethodInvocationHelper.java:141)
at org.testng.internal.invokers.MethodInvocationHelper.invokeMethodConsideringTimeout(MethodInvocationHelper.java:71)
at org.testng.internal.invokers.ConfigInvoker.invokeConfigurationMethod(ConfigInvoker.java:400)
at org.testng.internal.invokers.ConfigInvoker.invokeConfigurations(ConfigInvoker.java:333)
at org.testng.internal.invokers.TestMethodWorker.invokeAfterClassConfigurations(TestMethodWorker.java:238)
at org.testng.internal.invokers.TestMethodWorker.invokeAfterClassMethods(TestMethodWorker.java:223)
at org.testng.internal.invokers.TestMethodWorker.run(TestMethodWorker.java:137)
at java.base/java.util.ArrayList.forEach(ArrayList.java:1511)
at org.testng.TestRunner.privateRun(TestRunner.java:739)
at org.testng.TestRunner.run(TestRunner.java:614)
at org.testng.SuiteRunner.runTest(SuiteRunner.java:421)
at org.testng.SuiteRunner.runSequentially(SuiteRunner.java:413)
at org.testng.SuiteRunner.privateRun(SuiteRunner.java:373)
at org.testng.SuiteRunner.run(SuiteRunner.java:312)
at org.testng.SuiteRunnerWorker.runSuite(SuiteRunnerWorker.java:52)
at org.testng.SuiteRunnerWorker.run(SuiteRunnerWorker.java:95)
at org.testng.TestNG.runSuitesSequentially(TestNG.java:1274)
at org.testng.TestNG.runSuitesLocally(TestNG.java:1208)
at org.testng.TestNG.runSuites(TestNG.java:1112)
at org.testng.TestNG.run(TestNG.java:1079)
at org.testng.remote.AbstractRemoteTestNG.run(AbstractRemoteTestNG.java:115)
at org.testng.remote.RemoteTestNG.initAndRun(RemoteTestNG.java:293)
at org.testng.remote.RemoteTestNG.main(RemoteTestNG.java:91)
]]>
            </full-stacktrace>
          </exception> <!-- java.lang.NullPointerException -->
          <reporter-output>
          </reporter-output>
        </test-method> <!-- datadrivrn1 -->
      </class> <!-- testNG1.column3 -->
    </test> <!-- Default test -->
  </suite> <!-- Default suite -->
</testng-results>
