<?xml version="1.0" encoding="UTF-8"?>
<testng-results ignored="0" total="2" passed="2" failed="0" skipped="0">
  <reporter-output>
  </reporter-output>
  <suite started-at="2024-05-28T11:23:36 IST" name="Default suite" finished-at="2024-05-28T11:23:56 IST" duration-ms="20221">
    <groups>
    </groups>
    <test started-at="2024-05-28T11:23:36 IST" name="Default test" finished-at="2024-05-28T11:23:56 IST" duration-ms="20221">
      <class name="testNG1.registrationform">
        <test-method signature="registrationform1(java.lang.String,java.lang.String,java.lang.String,java.lang.String,java.lang.String,java.lang.String,java.lang.String,java.lang.String,java.lang.String)[pri:0, instance:testNG1.registrationform@791f145a]" started-at="2024-05-28T11:23:36 IST" name="registrationform1" data-provider="registrationform" finished-at="2024-05-28T11:23:48 IST" duration-ms="12494" status="PASS">
          <params>
            <param index="0">
              <value>
                <![CDATA[aaaaa]]>
              </value>
            </param>
            <param index="1">
              <value>
                <![CDATA[bbbb]]>
              </value>
            </param>
            <param index="2">
              <value>
                <![CDATA[cccc]]>
              </value>
            </param>
            <param index="3">
              <value>
                <![CDATA[ddddd]]>
              </value>
            </param>
            <param index="4">
              <value>
                <![CDATA[kkkk]]>
              </value>
            </param>
            <param index="5">
              <value>
                <![CDATA[lllll]]>
              </value>
            </param>
            <param index="6">
              <value>
                <![CDATA[yyyyy]]>
              </value>
            </param>
            <param index="7">
              <value>
                <![CDATA[9865654323]]>
              </value>
            </param>
            <param index="8">
              <value>
                <![CDATA[dddd]]>
              </value>
            </param>
          </params>
          <reporter-output>
          </reporter-output>
        </test-method> <!-- registrationform1 -->
        <test-method signature="registrationform1(java.lang.String,java.lang.String,java.lang.String,java.lang.String,java.lang.String,java.lang.String,java.lang.String,java.lang.String,java.lang.String)[pri:0, instance:testNG1.registrationform@791f145a]" started-at="2024-05-28T11:23:48 IST" name="registrationform1" data-provider="registrationform" finished-at="2024-05-28T11:23:56 IST" duration-ms="7583" status="PASS">
          <params>
            <param index="0">
              <value>
                <![CDATA[kukku]]>
              </value>
            </param>
            <param index="1">
              <value>
                <![CDATA[nk]]>
              </value>
            </param>
            <param index="2">
              <value>
                <![CDATA[kukku@gmail.com]]>
              </value>
            </param>
            <param index="3">
              <value>
                <![CDATA[https://www.cardekho.com/newcars]]>
              </value>
            </param>
            <param index="4">
              <value>
                <![CDATA[akshaya@123]]>
              </value>
            </param>
            <param index="5">
              <value>
                <![CDATA[akshaya@123]]>
              </value>
            </param>
            <param index="6">
              <value>
                <![CDATA[jhidhih]]>
              </value>
            </param>
            <param index="7">
              <value>
                <![CDATA[1234567891]]>
              </value>
            </param>
            <param index="8">
              <value>
                <![CDATA[sdhjktrdguhrtyujk]]>
              </value>
            </param>
          </params>
          <reporter-output>
          </reporter-output>
        </test-method> <!-- registrationform1 -->
        <test-method is-config="true" signature="registrationform2()[pri:0, instance:testNG1.registrationform@791f145a]" started-at="2024-05-28T11:23:56 IST" name="registrationform2" finished-at="2024-05-28T11:23:56 IST" duration-ms="13" status="FAIL">
          <exception class="java.lang.NullPointerException">
            <message>
              <![CDATA[Cannot invoke "org.openqa.selenium.WebDriver.close()" because "this.driver" is null]]>
            </message>
            <full-stacktrace>
              <![CDATA[java.lang.NullPointerException: Cannot invoke "org.openqa.selenium.WebDriver.close()" because "this.driver" is null
at testNG1.registrationform.registrationform2(registrationform.java:62)
at java.base/jdk.internal.reflect.NativeMethodAccessorImpl.invoke0(Native Method)
at java.base/jdk.internal.reflect.NativeMethodAccessorImpl.invoke(NativeMethodAccessorImpl.java:77)
at java.base/jdk.internal.reflect.DelegatingMethodAccessorImpl.invoke(DelegatingMethodAccessorImpl.java:43)
at java.base/java.lang.reflect.Method.invoke(Method.java:568)
at org.testng.internal.invokers.MethodInvocationHelper.invokeMethod(MethodInvocationHelper.java:141)
at org.testng.internal.invokers.MethodInvocationHelper.invokeMethodConsideringTimeout(MethodInvocationHelper.java:71)
at org.testng.internal.invokers.ConfigInvoker.invokeConfigurationMethod(ConfigInvoker.java:400)
at org.testng.internal.invokers.ConfigInvoker.invokeConfigurations(ConfigInvoker.java:333)
at org.testng.internal.invokers.TestMethodWorker.invokeAfterClassConfigurations(TestMethodWorker.java:238)
at org.testng.internal.invokers.TestMethodWorker.invokeAfterClassMethods(TestMethodWorker.java:223)
at org.testng.internal.invokers.TestMethodWorker.run(TestMethodWorker.java:137)
at java.base/java.util.ArrayList.forEach(ArrayList.java:1511)
at org.testng.TestRunner.privateRun(TestRunner.java:739)
at org.testng.TestRunner.run(TestRunner.java:614)
at org.testng.SuiteRunner.runTest(SuiteRunner.java:421)
at org.testng.SuiteRunner.runSequentially(SuiteRunner.java:413)
at org.testng.SuiteRunner.privateRun(SuiteRunner.java:373)
at org.testng.SuiteRunner.run(SuiteRunner.java:312)
at org.testng.SuiteRunnerWorker.runSuite(SuiteRunnerWorker.java:52)
at org.testng.SuiteRunnerWorker.run(SuiteRunnerWorker.java:95)
at org.testng.TestNG.runSuitesSequentially(TestNG.java:1274)
at org.testng.TestNG.runSuitesLocally(TestNG.java:1208)
at org.testng.TestNG.runSuites(TestNG.java:1112)
at org.testng.TestNG.run(TestNG.java:1079)
at org.testng.remote.AbstractRemoteTestNG.run(AbstractRemoteTestNG.java:115)
at org.testng.remote.RemoteTestNG.initAndRun(RemoteTestNG.java:293)
at org.testng.remote.RemoteTestNG.main(RemoteTestNG.java:91)
]]>
            </full-stacktrace>
          </exception> <!-- java.lang.NullPointerException -->
          <reporter-output>
          </reporter-output>
        </test-method> <!-- registrationform2 -->
      </class> <!-- testNG1.registrationform -->
    </test> <!-- Default test -->
  </suite> <!-- Default suite -->
</testng-results>
